
*** Running vivado
    with args -log sd.vdi -applog -m64 -product Vivado -messageDb vivado.pb -mode batch -source sd.tcl -notrace


****** Vivado v2016.3 (64-bit)
  **** SW Build 1682563 on Mon Oct 10 19:07:27 MDT 2016
  **** IP Build 1681267 on Mon Oct 10 21:28:31 MDT 2016
    ** Copyright 1986-2016 Xilinx, Inc. All Rights Reserved.

source sd.tcl -notrace
Design is defaulting to srcset: sources_1
Design is defaulting to constrset: constrs_1
INFO: [Netlist 29-17] Analyzing 11 Unisim elements for replacement
INFO: [Netlist 29-28] Unisim Transformation completed in 0 CPU seconds
INFO: [Project 1-479] Netlist was created with Vivado 2016.3
INFO: [Device 21-403] Loading part xc7a35tcpg236-1
INFO: [Project 1-570] Preparing netlist for logic optimization
Parsing XDC File [C:/Users/Maria/Desktop/lab52/lab52.srcs/constrs_1/imports/placa/Basys3_Master.xdc]
Finished Parsing XDC File [C:/Users/Maria/Desktop/lab52/lab52.srcs/constrs_1/imports/placa/Basys3_Master.xdc]
INFO: [Opt 31-138] Pushed 0 inverter(s) to 0 load pin(s).
INFO: [Project 1-111] Unisim Transformation Summary:
No Unisim elements were transformed.

link_design: Time (s): cpu = 00:00:22 ; elapsed = 00:00:55 . Memory (MB): peak = 452.430 ; gain = 243.273
INFO: [Vivado_Tcl 4-424] Cannot write hardware definition file as there are no IPI block design hardware handoff files present
Command: opt_design
Attempting to get a license for feature 'Implementation' and/or device 'xc7a35t'
INFO: [Common 17-349] Got license for feature 'Implementation' and/or device 'xc7a35t'
Running DRC as a precondition to command opt_design

Starting DRC Task
INFO: [DRC 23-27] Running DRC with 2 threads
INFO: [Project 1-461] DRC finished with 0 Errors
INFO: [Project 1-462] Please refer to the DRC report (report_drc) for more information.

Time (s): cpu = 00:00:04 ; elapsed = 00:00:06 . Memory (MB): peak = 463.234 ; gain = 10.805
INFO: [Timing 38-35] Done setting XDC timing constraints.

Starting Logic Optimization Task
Implement Debug Cores | Checksum: 1ff810bd9

Phase 1 Retarget
INFO: [Opt 31-138] Pushed 0 inverter(s) to 0 load pin(s).
INFO: [Opt 31-49] Retargeted 0 cell(s).
Phase 1 Retarget | Checksum: 211b6c0e3

Time (s): cpu = 00:00:00 ; elapsed = 00:00:00.891 . Memory (MB): peak = 950.262 ; gain = 0.000

Phase 2 Constant propagation
INFO: [Opt 31-138] Pushed 0 inverter(s) to 0 load pin(s).
INFO: [Opt 31-10] Eliminated 0 cells.
Phase 2 Constant propagation | Checksum: 211b6c0e3

Time (s): cpu = 00:00:00 ; elapsed = 00:00:01 . Memory (MB): peak = 950.262 ; gain = 0.000

Phase 3 Sweep
INFO: [Opt 31-12] Eliminated 20 unconnected nets.
INFO: [Opt 31-11] Eliminated 0 unconnected cells.
Phase 3 Sweep | Checksum: 1e7b51f18

Time (s): cpu = 00:00:01 ; elapsed = 00:00:01 . Memory (MB): peak = 950.262 ; gain = 0.000

Phase 4 BUFG optimization
INFO: [Opt 31-12] Eliminated 0 unconnected nets.
INFO: [Opt 31-11] Eliminated 0 unconnected cells.
Phase 4 BUFG optimization | Checksum: 1e7b51f18

Time (s): cpu = 00:00:01 ; elapsed = 00:00:02 . Memory (MB): peak = 950.262 ; gain = 0.000

Starting Connectivity Check Task

Time (s): cpu = 00:00:00 ; elapsed = 00:00:00.016 . Memory (MB): peak = 950.262 ; gain = 0.000
Ending Logic Optimization Task | Checksum: 1e7b51f18

Time (s): cpu = 00:00:01 ; elapsed = 00:00:02 . Memory (MB): peak = 950.262 ; gain = 0.000

Starting Power Optimization Task
INFO: [Pwropt 34-132] Skipping clock gating for clocks with a period < 2.00 ns.
Ending Power Optimization Task | Checksum: 1e7b51f18

Time (s): cpu = 00:00:00 ; elapsed = 00:00:00.218 . Memory (MB): peak = 950.262 ; gain = 0.000
INFO: [Common 17-83] Releasing license: Implementation
23 Infos, 0 Warnings, 0 Critical Warnings and 0 Errors encountered.
opt_design completed successfully
opt_design: Time (s): cpu = 00:00:49 ; elapsed = 00:01:09 . Memory (MB): peak = 950.262 ; gain = 497.832
Writing placer database...
Writing XDEF routing.
Writing XDEF routing logical nets.
Writing XDEF routing special nets.
Write XDEF Complete: Time (s): cpu = 00:00:00 ; elapsed = 00:00:00.578 . Memory (MB): peak = 950.262 ; gain = 0.000
INFO: [Common 17-1381] The checkpoint 'C:/Users/Maria/Desktop/lab52/lab52.runs/impl_1/sd_opt.dcp' has been generated.
INFO: [DRC 23-27] Running DRC with 2 threads
INFO: [Coretcl 2-168] The results of DRC are in file C:/Users/Maria/Desktop/lab52/lab52.runs/impl_1/sd_drc_opted.rpt.
report_drc: Time (s): cpu = 00:00:10 ; elapsed = 00:00:11 . Memory (MB): peak = 950.262 ; gain = 0.000
INFO: [Chipscope 16-241] No debug cores found in the current design.
Before running the implement_debug_core command, either use the Set Up Debug wizard (GUI mode)
or use the create_debug_core and connect_debug_core Tcl commands to insert debug cores into the design.
Command: place_design
Attempting to get a license for feature 'Implementation' and/or device 'xc7a35t'
INFO: [Common 17-349] Got license for feature 'Implementation' and/or device 'xc7a35t'
INFO: [DRC 23-27] Running DRC with 2 threads
INFO: [Vivado_Tcl 4-198] DRC finished with 0 Errors
INFO: [Vivado_Tcl 4-199] Please refer to the DRC report (report_drc) for more information.
Running DRC as a precondition to command place_design
INFO: [DRC 23-27] Running DRC with 2 threads
INFO: [Vivado_Tcl 4-198] DRC finished with 0 Errors
INFO: [Vivado_Tcl 4-199] Please refer to the DRC report (report_drc) for more information.

Starting Placer Task
INFO: [Place 30-611] Multithreading enabled for place_design using a maximum of 2 CPUs

Phase 1 Placer Initialization
Netlist sorting complete. Time (s): cpu = 00:00:00 ; elapsed = 00:00:00 . Memory (MB): peak = 950.262 ; gain = 0.000
Netlist sorting complete. Time (s): cpu = 00:00:00 ; elapsed = 00:00:00 . Memory (MB): peak = 950.262 ; gain = 0.000

Phase 1.1 IO Placement/ Clock Placement/ Build Placer Device
INFO: [Timing 38-35] Done setting XDC timing constraints.
Phase 1.1 IO Placement/ Clock Placement/ Build Placer Device | Checksum: 14ee422df

Time (s): cpu = 00:00:03 ; elapsed = 00:00:05 . Memory (MB): peak = 970.098 ; gain = 19.836

Phase 1.2 Build Placer Netlist Model
Phase 1.2 Build Placer Netlist Model | Checksum: 1ec414cb0

Time (s): cpu = 00:00:04 ; elapsed = 00:00:09 . Memory (MB): peak = 970.098 ; gain = 19.836

Phase 1.3 Constrain Clocks/Macros
Phase 1.3 Constrain Clocks/Macros | Checksum: 1ec414cb0

Time (s): cpu = 00:00:04 ; elapsed = 00:00:09 . Memory (MB): peak = 970.098 ; gain = 19.836
Phase 1 Placer Initialization | Checksum: 1ec414cb0

Time (s): cpu = 00:00:04 ; elapsed = 00:00:09 . Memory (MB): peak = 970.098 ; gain = 19.836

Phase 2 Global Placement
Phase 2 Global Placement | Checksum: 214b104d4

Time (s): cpu = 00:00:05 ; elapsed = 00:00:11 . Memory (MB): peak = 970.098 ; gain = 19.836

Phase 3 Detail Placement

Phase 3.1 Commit Multi Column Macros
Phase 3.1 Commit Multi Column Macros | Checksum: 214b104d4

Time (s): cpu = 00:00:05 ; elapsed = 00:00:11 . Memory (MB): peak = 970.098 ; gain = 19.836

Phase 3.2 Commit Most Macros & LUTRAMs
Phase 3.2 Commit Most Macros & LUTRAMs | Checksum: 1a08f6cd6

Time (s): cpu = 00:00:05 ; elapsed = 00:00:12 . Memory (MB): peak = 970.098 ; gain = 19.836

Phase 3.3 Area Swap Optimization
Phase 3.3 Area Swap Optimization | Checksum: 16b328238

Time (s): cpu = 00:00:05 ; elapsed = 00:00:12 . Memory (MB): peak = 970.098 ; gain = 19.836

Phase 3.4 Pipeline Register Optimization
Phase 3.4 Pipeline Register Optimization | Checksum: 16b328238

Time (s): cpu = 00:00:05 ; elapsed = 00:00:12 . Memory (MB): peak = 970.098 ; gain = 19.836

Phase 3.5 Small Shape Detail Placement
Phase 3.5 Small Shape Detail Placement | Checksum: 1a7ae4f57

Time (s): cpu = 00:00:05 ; elapsed = 00:00:13 . Memory (MB): peak = 970.098 ; gain = 19.836

Phase 3.6 Re-assign LUT pins
Phase 3.6 Re-assign LUT pins | Checksum: 18e566519

Time (s): cpu = 00:00:05 ; elapsed = 00:00:13 . Memory (MB): peak = 970.098 ; gain = 19.836

Phase 3.7 Pipeline Register Optimization
Phase 3.7 Pipeline Register Optimization | Checksum: 18e566519

Time (s): cpu = 00:00:05 ; elapsed = 00:00:13 . Memory (MB): peak = 970.098 ; gain = 19.836
Phase 3 Detail Placement | Checksum: 18e566519

Time (s): cpu = 00:00:05 ; elapsed = 00:00:13 . Memory (MB): peak = 970.098 ; gain = 19.836

Phase 4 Post Placement Optimization and Clean-Up

Phase 4.1 Post Commit Optimization
Phase 4.1 Post Commit Optimization | Checksum: 18e566519

Time (s): cpu = 00:00:06 ; elapsed = 00:00:13 . Memory (MB): peak = 970.098 ; gain = 19.836

Phase 4.2 Post Placement Cleanup
Phase 4.2 Post Placement Cleanup | Checksum: 18e566519

Time (s): cpu = 00:00:06 ; elapsed = 00:00:14 . Memory (MB): peak = 970.098 ; gain = 19.836

Phase 4.3 Placer Reporting
Phase 4.3 Placer Reporting | Checksum: 18e566519

Time (s): cpu = 00:00:06 ; elapsed = 00:00:14 . Memory (MB): peak = 970.098 ; gain = 19.836

Phase 4.4 Final Placement Cleanup
Phase 4.4 Final Placement Cleanup | Checksum: 1699d699a

Time (s): cpu = 00:00:06 ; elapsed = 00:00:14 . Memory (MB): peak = 970.098 ; gain = 19.836
Phase 4 Post Placement Optimization and Clean-Up | Checksum: 1699d699a

Time (s): cpu = 00:00:06 ; elapsed = 00:00:14 . Memory (MB): peak = 970.098 ; gain = 19.836
Ending Placer Task | Checksum: dd728957

Time (s): cpu = 00:00:06 ; elapsed = 00:00:14 . Memory (MB): peak = 970.098 ; gain = 19.836
INFO: [Common 17-83] Releasing license: Implementation
37 Infos, 0 Warnings, 0 Critical Warnings and 0 Errors encountered.
place_design completed successfully
place_design: Time (s): cpu = 00:00:12 ; elapsed = 00:00:18 . Memory (MB): peak = 970.098 ; gain = 19.836
Writing placer database...
Writing XDEF routing.
Writing XDEF routing logical nets.
Writing XDEF routing special nets.
Write XDEF Complete: Time (s): cpu = 00:00:00 ; elapsed = 00:00:00.266 . Memory (MB): peak = 970.098 ; gain = 0.000
INFO: [Common 17-1381] The checkpoint 'C:/Users/Maria/Desktop/lab52/lab52.runs/impl_1/sd_placed.dcp' has been generated.
report_io: Time (s): cpu = 00:00:00 ; elapsed = 00:00:01 . Memory (MB): peak = 970.098 ; gain = 0.000
report_utilization: Time (s): cpu = 00:00:01 ; elapsed = 00:00:01 . Memory (MB): peak = 970.098 ; gain = 0.000
report_control_sets: Time (s): cpu = 00:00:00 ; elapsed = 00:00:00.078 . Memory (MB): peak = 970.098 ; gain = 0.000
Command: route_design
Attempting to get a license for feature 'Implementation' and/or device 'xc7a35t'
INFO: [Common 17-349] Got license for feature 'Implementation' and/or device 'xc7a35t'
Running DRC as a precondition to command route_design
INFO: [DRC 23-27] Running DRC with 2 threads
INFO: [Vivado_Tcl 4-198] DRC finished with 0 Errors
INFO: [Vivado_Tcl 4-199] Please refer to the DRC report (report_drc) for more information.


Starting Routing Task
INFO: [Route 35-254] Multithreading enabled for route_design using a maximum of 2 CPUs
Checksum: PlaceDB: 5071b348 ConstDB: 0 ShapeSum: 8d00d60f RouteDB: 0

Phase 1 Build RT Design
Phase 1 Build RT Design | Checksum: 1379d087f

Time (s): cpu = 00:01:57 ; elapsed = 00:01:59 . Memory (MB): peak = 1040.363 ; gain = 70.266

Phase 2 Router Initialization

Phase 2.1 Create Timer
Phase 2.1 Create Timer | Checksum: 1379d087f

Time (s): cpu = 00:01:57 ; elapsed = 00:02:03 . Memory (MB): peak = 1041.707 ; gain = 71.609

Phase 2.2 Fix Topology Constraints
Phase 2.2 Fix Topology Constraints | Checksum: 1379d087f

Time (s): cpu = 00:01:57 ; elapsed = 00:02:03 . Memory (MB): peak = 1050.070 ; gain = 79.973

Phase 2.3 Pre Route Cleanup
Phase 2.3 Pre Route Cleanup | Checksum: 1379d087f

Time (s): cpu = 00:01:57 ; elapsed = 00:02:03 . Memory (MB): peak = 1050.070 ; gain = 79.973
 Number of Nodes with overlaps = 0

Phase 2.4 Update Timing
Phase 2.4 Update Timing | Checksum: 1bd64cc5f

Time (s): cpu = 00:01:58 ; elapsed = 00:02:13 . Memory (MB): peak = 1053.289 ; gain = 83.191
INFO: [Route 35-416] Intermediate Timing Summary | WNS=7.396  | TNS=0.000  | WHS=0.005  | THS=0.000  |

Phase 2 Router Initialization | Checksum: 1ed4d9ac7

Time (s): cpu = 00:01:58 ; elapsed = 00:02:14 . Memory (MB): peak = 1053.289 ; gain = 83.191

Phase 3 Initial Routing
Phase 3 Initial Routing | Checksum: 156aee470

Time (s): cpu = 00:01:59 ; elapsed = 00:02:14 . Memory (MB): peak = 1053.289 ; gain = 83.191

Phase 4 Rip-up And Reroute

Phase 4.1 Global Iteration 0
 Number of Nodes with overlaps = 2
 Number of Nodes with overlaps = 0

Phase 4.1.1 Update Timing
Phase 4.1.1 Update Timing | Checksum: 2b385208e

Time (s): cpu = 00:01:59 ; elapsed = 00:02:15 . Memory (MB): peak = 1053.289 ; gain = 83.191
INFO: [Route 35-416] Intermediate Timing Summary | WNS=7.147  | TNS=0.000  | WHS=N/A    | THS=N/A    |

Phase 4.1 Global Iteration 0 | Checksum: 2b385208e

Time (s): cpu = 00:01:59 ; elapsed = 00:02:15 . Memory (MB): peak = 1053.289 ; gain = 83.191
Phase 4 Rip-up And Reroute | Checksum: 2b385208e

Time (s): cpu = 00:01:59 ; elapsed = 00:02:15 . Memory (MB): peak = 1053.289 ; gain = 83.191

Phase 5 Delay and Skew Optimization

Phase 5.1 Delay CleanUp
Phase 5.1 Delay CleanUp | Checksum: 2b385208e

Time (s): cpu = 00:01:59 ; elapsed = 00:02:15 . Memory (MB): peak = 1053.289 ; gain = 83.191

Phase 5.2 Clock Skew Optimization
Phase 5.2 Clock Skew Optimization | Checksum: 2b385208e

Time (s): cpu = 00:01:59 ; elapsed = 00:02:15 . Memory (MB): peak = 1053.289 ; gain = 83.191
Phase 5 Delay and Skew Optimization | Checksum: 2b385208e

Time (s): cpu = 00:01:59 ; elapsed = 00:02:15 . Memory (MB): peak = 1053.289 ; gain = 83.191

Phase 6 Post Hold Fix

Phase 6.1 Hold Fix Iter

Phase 6.1.1 Update Timing
Phase 6.1.1 Update Timing | Checksum: 229264a72

Time (s): cpu = 00:01:59 ; elapsed = 00:02:15 . Memory (MB): peak = 1053.289 ; gain = 83.191
INFO: [Route 35-416] Intermediate Timing Summary | WNS=7.241  | TNS=0.000  | WHS=0.306  | THS=0.000  |

Phase 6.1 Hold Fix Iter | Checksum: 229264a72

Time (s): cpu = 00:01:59 ; elapsed = 00:02:15 . Memory (MB): peak = 1053.289 ; gain = 83.191
Phase 6 Post Hold Fix | Checksum: 229264a72

Time (s): cpu = 00:01:59 ; elapsed = 00:02:15 . Memory (MB): peak = 1053.289 ; gain = 83.191

Phase 7 Route finalize

Router Utilization Summary
  Global Vertical Routing Utilization    = 0.0253528 %
  Global Horizontal Routing Utilization  = 0.030583 %
  Routable Net Status*
  *Does not include unroutable nets such as driverless and loadless.
  Run report_route_status for detailed report.
  Number of Failed Nets               = 0
  Number of Unrouted Nets             = 0
  Number of Partially Routed Nets     = 0
  Number of Node Overlaps             = 0

Phase 7 Route finalize | Checksum: 229264a72

Time (s): cpu = 00:01:59 ; elapsed = 00:02:15 . Memory (MB): peak = 1053.289 ; gain = 83.191

Phase 8 Verifying routed nets

 Verification completed successfully
Phase 8 Verifying routed nets | Checksum: 229264a72

Time (s): cpu = 00:01:59 ; elapsed = 00:02:15 . Memory (MB): peak = 1053.754 ; gain = 83.656

Phase 9 Depositing Routes
Phase 9 Depositing Routes | Checksum: 18ecb5932

Time (s): cpu = 00:01:59 ; elapsed = 00:02:16 . Memory (MB): peak = 1053.754 ; gain = 83.656

Phase 10 Post Router Timing
INFO: [Route 35-57] Estimated Timing Summary | WNS=7.241  | TNS=0.000  | WHS=0.306  | THS=0.000  |

INFO: [Route 35-327] The final timing numbers are based on the router estimated timing analysis. For a complete and accurate timing signoff, please run report_timing_summary.
Phase 10 Post Router Timing | Checksum: 18ecb5932

Time (s): cpu = 00:01:59 ; elapsed = 00:02:17 . Memory (MB): peak = 1053.754 ; gain = 83.656
INFO: [Route 35-16] Router Completed Successfully

Time (s): cpu = 00:01:59 ; elapsed = 00:02:17 . Memory (MB): peak = 1053.754 ; gain = 83.656

Routing Is Done.
INFO: [Common 17-83] Releasing license: Implementation
50 Infos, 0 Warnings, 0 Critical Warnings and 0 Errors encountered.
route_design completed successfully
route_design: Time (s): cpu = 00:02:05 ; elapsed = 00:02:25 . Memory (MB): peak = 1053.754 ; gain = 83.656
Writing placer database...
Writing XDEF routing.
Writing XDEF routing logical nets.
Writing XDEF routing special nets.
Write XDEF Complete: Time (s): cpu = 00:00:01 ; elapsed = 00:00:00.718 . Memory (MB): peak = 1053.754 ; gain = 0.000
INFO: [Common 17-1381] The checkpoint 'C:/Users/Maria/Desktop/lab52/lab52.runs/impl_1/sd_routed.dcp' has been generated.
INFO: [DRC 23-27] Running DRC with 2 threads
INFO: [Coretcl 2-168] The results of DRC are in file C:/Users/Maria/Desktop/lab52/lab52.runs/impl_1/sd_drc_routed.rpt.
report_drc: Time (s): cpu = 00:00:11 ; elapsed = 00:00:12 . Memory (MB): peak = 1060.652 ; gain = 6.898
INFO: [Timing 38-35] Done setting XDC timing constraints.
INFO: [DRC 23-133] Running Methodology with 2 threads
INFO: [Coretcl 2-1520] The results of Report Methodology are in file C:/Users/Maria/Desktop/lab52/lab52.runs/impl_1/sd_methodology_drc_routed.rpt.
INFO: [Timing 38-35] Done setting XDC timing constraints.
INFO: [Timing 38-91] UpdateTimingParams: Speed grade: -1, Delay Type: min_max.
INFO: [Timing 38-191] Multithreading enabled for timing update using a maximum of 2 CPUs
INFO: [Timing 38-35] Done setting XDC timing constraints.
Command: report_power -file sd_power_routed.rpt -pb sd_power_summary_routed.pb -rpx sd_power_routed.rpx
Running Vector-less Activity Propagation...

Finished Running Vector-less Activity Propagation
60 Infos, 0 Warnings, 0 Critical Warnings and 0 Errors encountered.
report_power completed successfully
Command: write_bitstream -force -no_partial_bitfile sd.bit
Attempting to get a license for feature 'Implementation' and/or device 'xc7a35t'
INFO: [Common 17-349] Got license for feature 'Implementation' and/or device 'xc7a35t'
Running DRC as a precondition to command write_bitstream
INFO: [DRC 23-27] Running DRC with 2 threads
INFO: [Vivado 12-3199] DRC finished with 0 Errors
INFO: [Vivado 12-3200] Please refer to the DRC report (report_drc) for more information.
Loading data files...
Loading site data...
Loading route data...
Processing options...
Creating bitmap...
Creating bitstream...
Bitstream compression saved 15313248 bits.
Writing bitstream ./sd.bit...
INFO: [Vivado 12-1842] Bitgen Completed Successfully.
INFO: [Project 1-120] WebTalk data collection is mandatory when using a WebPACK part without a full Vivado license. To see the specific WebTalk data collected for your design, open the usage_statistics_webtalk.html or usage_statistics_webtalk.xml file in the implementation directory.
INFO: [Common 17-83] Releasing license: Implementation
67 Infos, 0 Warnings, 0 Critical Warnings and 0 Errors encountered.
write_bitstream completed successfully
write_bitstream: Time (s): cpu = 00:00:50 ; elapsed = 00:01:37 . Memory (MB): peak = 1406.605 ; gain = 325.668
INFO: [Vivado_Tcl 4-395] Unable to parse hwdef file sd.hwdef
INFO: [Common 17-206] Exiting Vivado at Wed Dec 14 23:06:35 2016...
